{"level":"info","msg":"脚本args [/Users/xiaoniu/go/src/simplest_script/simplest_script 387041e9-2758-4b3c-bd2a-28fe4511b93a media_kuaishou_account_hour {}]","time":"2025-12-11T19:09:05+08:00"}
{"level":"info","msg":"脚本args [/Users/xiaoniu/go/src/simplest_script/simplest_script 387041e9-2758-4b3c-bd2a-28fe4511b93a media_kuaishou_account_hour {}]","time":"2025-12-11T19:09:09+08:00"}
{"level":"info","msg":"脚本args [/Users/xiaoniu/go/src/simplest_script/simplest_script 387041e9-2758-4b3c-bd2a-28fe4511b93a media_kuaishou_account_hour {}]","time":"2025-12-11T19:09:14+08:00"}
{"level":"info","msg":"脚本args [/Users/xiaoniu/go/src/simplest_script/simplest_script 387041e9-2758-4b3c-bd2a-28fe4511b93a media_kuaishou_account_hour {}]","time":"2025-12-11T19:09:52+08:00"}
{"level":"info","msg":"脚本args [/Users/xiaoniu/go/src/simplest_script/simplest_script 387041e9-2758-4b3c-bd2a-28fe4511b93a media_kuaishou_account_hour {}]","time":"2025-12-11T19:12:12+08:00"}
{"level":"info","msg":"脚本args [/Users/xiaoniu/go/src/simplest_script/simplest_script 387041e9-2758-4b3c-bd2a-28fe4511b93a media_kuaishou_account_hour {}]","time":"2025-12-11T19:13:41+08:00"}
{"level":"error","msg":"查询报表数据请求错误3 response: {\"code\":401000,\"data\":{},\"message\":\"该账户不在您的代理商下，您没有权限操作该账户\",\"request_id\":\"EL-AgICAhom2Chj-BSDR1PfosDMo4IrEhAY=\"}","time":"2025-12-11T19:13:43+08:00"}
{"level":"info","msg":"脚本args [/Users/xiaoniu/go/src/simplest_script/simplest_script 387041e9-2758-4b3c-bd2a-28fe4511b93a media_tt_account_hour {}]","time":"2025-12-11T19:55:23+08:00"}
{"level":"error","msg":"OCEAN查询报表数据解析错误3 response: {\"code\":40105,\"message\":\"access_token无效，请传入最新的access_token\",\"request_id\":\"2025121119552443FC86560EE5118604E5\"}","time":"2025-12-11T19:55:24+08:00"}
{"level":"error","msg":"OCEAN查询报表数据解析错误3 response: {\"code\":40105,\"message\":\"access_token无效，请传入最新的access_token\",\"request_id\":\"202512111955245E249617F8D1DF785AAF\"}","time":"2025-12-11T19:55:24+08:00"}
{"level":"error","msg":"OCEAN查询报表数据解析错误3 response: {\"code\":40105,\"message\":\"access_token无效，请传入最新的access_token\",\"request_id\":\"20251211195524CE0F460F7507616D9596\"}","time":"2025-12-11T19:55:24+08:00"}
{"level":"error","msg":"OCEAN查询报表数据解析错误3 response: {\"code\":40105,\"message\":\"access_token无效，请传入最新的access_token\",\"request_id\":\"20251211195524B4AC68086798ACDD5733\"}","time":"2025-12-11T19:55:24+08:00"}
{"level":"error","msg":"OCEAN查询报表数据解析错误3 response: {\"code\":40105,\"message\":\"access_token无效，请传入最新的access_token\",\"request_id\":\"20251211195524F6CF82610CB41F5F205D\"}","time":"2025-12-11T19:55:25+08:00"}
{"level":"error","msg":"OCEAN查询报表数据解析错误3 response: {\"code\":40105,\"message\":\"access_token无效，请传入最新的access_token\",\"request_id\":\"202512111955256C7365E6C37B2074207A\"}","time":"2025-12-11T19:55:25+08:00"}
{"level":"error","msg":"OCEAN查询报表数据解析错误3 response: {\"code\":40105,\"message\":\"access_token无效，请传入最新的access_token\",\"request_id\":\"20251211195525EA11E82E2ECB5C7DA665\"}","time":"2025-12-11T19:55:25+08:00"}
{"level":"error","msg":"OCEAN查询报表数据解析错误3 response: {\"code\":40105,\"message\":\"access_token无效，请传入最新的access_token\",\"request_id\":\"202512111955252833E57404703165B9F8\"}","time":"2025-12-11T19:55:25+08:00"}
{"level":"error","msg":"OCEAN查询报表数据解析错误3 response: {\"code\":40105,\"message\":\"access_token无效，请传入最新的access_token\",\"request_id\":\"202512111955258BD87721C096EE528F40\"}","time":"2025-12-11T19:55:25+08:00"}
{"level":"error","msg":"OCEAN查询报表数据解析错误3 response: {\"code\":40105,\"message\":\"access_token无效，请传入最新的access_token\",\"request_id\":\"202512111955258EFE289841A1257A3AAB\"}","time":"2025-12-11T19:55:25+08:00"}
{"level":"error","msg":"OCEAN查询报表数据解析错误3 response: {\"code\":40105,\"message\":\"access_token无效，请传入最新的access_token\",\"request_id\":\"2025121119552690234DD60383A45F58F0\"}","time":"2025-12-11T19:55:26+08:00"}
{"level":"error","msg":"OCEAN查询报表数据解析错误3 response: {\"code\":40105,\"message\":\"access_token无效，请传入最新的access_token\",\"request_id\":\"2025121119552603FD506770D36D6F53CF\"}","time":"2025-12-11T19:55:26+08:00"}
{"level":"error","msg":"OCEAN查询报表数据解析错误3 response: {\"code\":40105,\"message\":\"access_token无效，请传入最新的access_token\",\"request_id\":\"20251211195526649EB318B8104B6AC6BC\"}","time":"2025-12-11T19:55:26+08:00"}
{"level":"error","msg":"OCEAN查询报表数据解析错误3 response: {\"code\":40105,\"message\":\"access_token无效，请传入最新的access_token\",\"request_id\":\"20251211195526FCC62387B61DB85B4C5F\"}","time":"2025-12-11T19:55:26+08:00"}
{"level":"error","msg":"OCEAN查询报表数据解析错误3 response: {\"code\":40105,\"message\":\"access_token无效，请传入最新的access_token\",\"request_id\":\"20251211195526E165558D86FF26547022\"}","time":"2025-12-11T19:55:26+08:00"}
{"level":"error","msg":"OCEAN查询报表数据解析错误3 response: {\"code\":40105,\"message\":\"access_token无效，请传入最新的access_token\",\"request_id\":\"202512111955272279F95DF6A2986BEEE3\"}","time":"2025-12-11T19:55:27+08:00"}
{"level":"error","msg":"OCEAN查询报表数据解析错误3 response: {\"code\":40105,\"message\":\"access_token无效，请传入最新的access_token\",\"request_id\":\"20251211195527C15FADBFE50FFA63583B\"}","time":"2025-12-11T19:55:27+08:00"}
{"level":"error","msg":"OCEAN查询报表数据解析错误3 response: {\"code\":40105,\"message\":\"access_token无效，请传入最新的access_token\",\"request_id\":\"202512111955275B415E2929EE5A734F0E\"}","time":"2025-12-11T19:55:27+08:00"}
{"level":"error","msg":"OCEAN查询报表数据解析错误3 response: {\"code\":40105,\"message\":\"access_token无效，请传入最新的access_token\",\"request_id\":\"20251211195527BDE54FCE5E2C288D3CBB\"}","time":"2025-12-11T19:55:27+08:00"}
{"level":"error","msg":"OCEAN查询报表数据解析错误3 response: {\"code\":40105,\"message\":\"access_token无效，请传入最新的access_token\",\"request_id\":\"20251211195527E3B979283B636B4E2E78\"}","time":"2025-12-11T19:55:27+08:00"}
{"level":"error","msg":"OCEAN查询报表数据解析错误3 response: {\"code\":40105,\"message\":\"access_token无效，请传入最新的access_token\",\"request_id\":\"2025121119552787C04B20F213796E69D8\"}","time":"2025-12-11T19:55:27+08:00"}
{"level":"error","msg":"OCEAN查询报表数据解析错误3 response: {\"code\":40105,\"message\":\"access_token无效，请传入最新的access_token\",\"request_id\":\"20251211195528508F3AABE1411962C983\"}","time":"2025-12-11T19:55:28+08:00"}
{"level":"error","msg":"OCEAN查询报表数据解析错误3 response: {\"code\":40105,\"message\":\"access_token无效，请传入最新的access_token\",\"request_id\":\"202512111955285767FF49F98F1C7BB2A7\"}","time":"2025-12-11T19:55:28+08:00"}
{"level":"error","msg":"OCEAN查询报表数据解析错误3 response: {\"code\":40105,\"message\":\"access_token无效，请传入最新的access_token\",\"request_id\":\"20251211195528349FD0FF145DDF5DBFCD\"}","time":"2025-12-11T19:55:28+08:00"}
{"level":"error","msg":"OCEAN查询报表数据解析错误3 response: {\"code\":40105,\"message\":\"access_token无效，请传入最新的access_token\",\"request_id\":\"20251211195528924B1B44722F6A70906D\"}","time":"2025-12-11T19:55:28+08:00"}
{"level":"error","msg":"OCEAN查询报表数据解析错误3 response: {\"code\":40105,\"message\":\"access_token无效，请传入最新的access_token\",\"request_id\":\"202512111955283A026881CB9210810DE6\"}","time":"2025-12-11T19:55:28+08:00"}
{"level":"error","msg":"OCEAN查询报表数据解析错误3 response: {\"code\":40105,\"message\":\"access_token无效，请传入最新的access_token\",\"request_id\":\"202512111955295C0A12C06223BB74247C\"}","time":"2025-12-11T19:55:29+08:00"}
{"level":"error","msg":"OCEAN查询报表数据解析错误3 response: {\"code\":40105,\"message\":\"access_token无效，请传入最新的access_token\",\"request_id\":\"202512111955298402FEA5E7B1DA7EB06A\"}","time":"2025-12-11T19:55:29+08:00"}
{"level":"error","msg":"OCEAN查询报表数据解析错误3 response: {\"code\":40105,\"message\":\"access_token无效，请传入最新的access_token\",\"request_id\":\"20251211195529F98E5396444ED59A9D0B\"}","time":"2025-12-11T19:55:29+08:00"}
{"level":"info","msg":"脚本args [/Users/xiaoniu/go/src/simplest_script/simplest_script 387041e9-2758-4b3c-bd2a-28fe4511b93a media_tt_account_hour {}]","time":"2025-12-11T19:56:08+08:00"}
{"level":"error","msg":"OCEAN查询报表数据解析错误3 response: {\"code\":40105,\"message\":\"access_token无效，请传入最新的access_token\",\"request_id\":\"20251211195609AB7236D1D8EF8A6F8706\"}","time":"2025-12-11T19:56:09+08:00"}
{"level":"error","msg":"OCEAN查询报表数据解析错误3 response: {\"code\":40105,\"message\":\"access_token无效，请传入最新的access_token\",\"request_id\":\"2025121119560958A871F3A78B01645C4F\"}","time":"2025-12-11T19:56:09+08:00"}
{"level":"error","msg":"OCEAN查询报表数据解析错误3 response: {\"code\":40105,\"message\":\"access_token无效，请传入最新的access_token\",\"request_id\":\"202512111956102F2F2B4323683381BD4E\"}","time":"2025-12-11T19:56:10+08:00"}
{"level":"error","msg":"OCEAN查询报表数据解析错误3 response: {\"code\":40105,\"message\":\"access_token无效，请传入最新的access_token\",\"request_id\":\"202512111956103A3B4E84CF43C5778A0F\"}","time":"2025-12-11T19:56:10+08:00"}
{"level":"error","msg":"OCEAN查询报表数据解析错误3 response: {\"code\":40105,\"message\":\"access_token无效，请传入最新的access_token\",\"request_id\":\"202512111956107F0DAE7459E3A28F997E\"}","time":"2025-12-11T19:56:10+08:00"}
{"level":"error","msg":"OCEAN查询报表数据解析错误3 response: {\"code\":40105,\"message\":\"access_token无效，请传入最新的access_token\",\"request_id\":\"20251211195610EA2CA5305273A859B656\"}","time":"2025-12-11T19:56:10+08:00"}
{"level":"error","msg":"OCEAN查询报表数据解析错误3 response: {\"code\":40105,\"message\":\"access_token无效，请传入最新的access_token\",\"request_id\":\"202512111956100D298FB375B88E5E7130\"}","time":"2025-12-11T19:56:11+08:00"}
{"level":"error","msg":"OCEAN查询报表数据解析错误3 response: {\"code\":40105,\"message\":\"access_token无效，请传入最新的access_token\",\"request_id\":\"20251211195611B51CEA91C573795F5D0B\"}","time":"2025-12-11T19:56:11+08:00"}
{"level":"error","msg":"OCEAN查询报表数据解析错误3 response: {\"code\":40105,\"message\":\"access_token无效，请传入最新的access_token\",\"request_id\":\"20251211195611E56E3AE17EFB6D897870\"}","time":"2025-12-11T19:56:11+08:00"}
{"level":"error","msg":"OCEAN查询报表数据解析错误3 response: {\"code\":40105,\"message\":\"access_token无效，请传入最新的access_token\",\"request_id\":\"2025121119561193983FFB21129566A40A\"}","time":"2025-12-11T19:56:11+08:00"}
{"level":"error","msg":"OCEAN查询报表数据解析错误3 response: {\"code\":40105,\"message\":\"access_token无效，请传入最新的access_token\",\"request_id\":\"202512111956114234C0D91A00166221C7\"}","time":"2025-12-11T19:56:11+08:00"}
{"level":"error","msg":"OCEAN查询报表数据解析错误3 response: {\"code\":40105,\"message\":\"access_token无效，请传入最新的access_token\",\"request_id\":\"202512111956111F8F82429F1B6D47F720\"}","time":"2025-12-11T19:56:12+08:00"}
{"level":"error","msg":"OCEAN查询报表数据解析错误3 response: {\"code\":40105,\"message\":\"access_token无效，请传入最新的access_token\",\"request_id\":\"202512111956125200F4C7028B5C56235D\"}","time":"2025-12-11T19:56:12+08:00"}
{"level":"error","msg":"OCEAN查询报表数据解析错误3 response: {\"code\":40105,\"message\":\"access_token无效，请传入最新的access_token\",\"request_id\":\"20251211195612270F7C9F7BC3B76E3266\"}","time":"2025-12-11T19:56:12+08:00"}
{"level":"error","msg":"OCEAN查询报表数据解析错误3 response: {\"code\":40105,\"message\":\"access_token无效，请传入最新的access_token\",\"request_id\":\"2025121119561201D75681F9BC2C80A8EB\"}","time":"2025-12-11T19:56:12+08:00"}
{"level":"error","msg":"OCEAN查询报表数据解析错误3 response: {\"code\":40105,\"message\":\"access_token无效，请传入最新的access_token\",\"request_id\":\"202512111956120F1CF8659F98377AB482\"}","time":"2025-12-11T19:56:12+08:00"}
{"level":"error","msg":"OCEAN查询报表数据解析错误3 response: {\"code\":40105,\"message\":\"access_token无效，请传入最新的access_token\",\"request_id\":\"20251211195612B306750D6284545E12B3\"}","time":"2025-12-11T19:56:12+08:00"}
{"level":"info","msg":"脚本args [/Users/xiaoniu/go/src/simplest_script/simplest_script 387041e9-2758-4b3c-bd2a-28fe4511b93a media_tt_account_hour {}]","time":"2025-12-11T19:56:36+08:00"}
{"level":"error","msg":"OCEAN查询报表数据解析错误3 response: {\"code\":40002,\"message\":\"Account 11 doesn't exist or the role is wrong\",\"help_message\":\"该类报错是由于传入账户ID不存在，或不符合接口要求传入账户类型导致报错。请参考以下文档排查解决：https://open.oceanengine.com/labels/41/docs/1808720038958096\",\"request_id\":\"2025121119563846BAE0DEAC074D66116D\"}","time":"2025-12-11T19:56:38+08:00"}
{"level":"error","msg":"OCEAN查询报表数据解析错误3 response: {\"code\":40002,\"message\":\"Account 85159267 doesn't exist or the role is wrong\",\"help_message\":\"该类报错是由于传入账户ID不存在，或不符合接口要求传入账户类型导致报错。请参考以下文档排查解决：https://open.oceanengine.com/labels/41/docs/1808720038958096\",\"request_id\":\"20251211195638307110B5B710365D1FDE\"}","time":"2025-12-11T19:56:38+08:00"}
{"level":"error","msg":"OCEAN查询报表数据解析错误3 response: {\"code\":40002,\"message\":\"Account 85159266 doesn't exist or the role is wrong\",\"help_message\":\"该类报错是由于传入账户ID不存在，或不符合接口要求传入账户类型导致报错。请参考以下文档排查解决：https://open.oceanengine.com/labels/41/docs/1808720038958096\",\"request_id\":\"202512111956385BD25B34D830B5507670\"}","time":"2025-12-11T19:56:38+08:00"}
{"level":"error","msg":"OCEAN查询报表数据解析错误3 response: {\"code\":40002,\"message\":\"Account 85159264 doesn't exist or the role is wrong\",\"help_message\":\"该类报错是由于传入账户ID不存在，或不符合接口要求传入账户类型导致报错。请参考以下文档排查解决：https://open.oceanengine.com/labels/41/docs/1808720038958096\",\"request_id\":\"202512111956385BB294E765A4FC57E966\"}","time":"2025-12-11T19:56:38+08:00"}
{"level":"error","msg":"OCEAN查询报表数据解析错误3 response: {\"code\":40002,\"message\":\"Account 85159269 doesn't exist or the role is wrong\",\"help_message\":\"该类报错是由于传入账户ID不存在，或不符合接口要求传入账户类型导致报错。请参考以下文档排查解决：https://open.oceanengine.com/labels/41/docs/1808720038958096\",\"request_id\":\"202512111956390F6FDADF5AAEA96431BA\"}","time":"2025-12-11T19:56:39+08:00"}
{"level":"error","msg":"OCEAN查询报表数据解析错误3 response: {\"code\":40002,\"message\":\"Account 85159268 doesn't exist or the role is wrong\",\"help_message\":\"该类报错是由于传入账户ID不存在，或不符合接口要求传入账户类型导致报错。请参考以下文档排查解决：https://open.oceanengine.com/labels/41/docs/1808720038958096\",\"request_id\":\"202512111956398475744886499074DC24\"}","time":"2025-12-11T19:56:39+08:00"}
{"level":"error","msg":"OCEAN查询报表数据解析错误3 response: {\"code\":40002,\"message\":\"Account 85159271 doesn't exist or the role is wrong\",\"help_message\":\"该类报错是由于传入账户ID不存在，或不符合接口要求传入账户类型导致报错。请参考以下文档排查解决：https://open.oceanengine.com/labels/41/docs/1808720038958096\",\"request_id\":\"2025121119563928B351CE6826227DBB77\"}","time":"2025-12-11T19:56:39+08:00"}
{"level":"error","msg":"OCEAN查询报表数据解析错误3 response: {\"code\":40002,\"message\":\"Account 85159270 doesn't exist or the role is wrong\",\"help_message\":\"该类报错是由于传入账户ID不存在，或不符合接口要求传入账户类型导致报错。请参考以下文档排查解决：https://open.oceanengine.com/labels/41/docs/1808720038958096\",\"request_id\":\"20251211195640C86501BDC7061770E13D\"}","time":"2025-12-11T19:56:40+08:00"}
{"level":"error","msg":"OCEAN查询报表数据解析错误3 response: {\"code\":40002,\"message\":\"Account 85159272 doesn't exist or the role is wrong\",\"help_message\":\"该类报错是由于传入账户ID不存在，或不符合接口要求传入账户类型导致报错。请参考以下文档排查解决：https://open.oceanengine.com/labels/41/docs/1808720038958096\",\"request_id\":\"20251211195640C3F055ED7E644F6DF4D9\"}","time":"2025-12-11T19:56:40+08:00"}
{"level":"error","msg":"OCEAN查询报表数据解析错误3 response: {\"code\":40002,\"message\":\"Account 85159273 doesn't exist or the role is wrong\",\"help_message\":\"该类报错是由于传入账户ID不存在，或不符合接口要求传入账户类型导致报错。请参考以下文档排查解决：https://open.oceanengine.com/labels/41/docs/1808720038958096\",\"request_id\":\"202512111956401AF57C22663C8A648A22\"}","time":"2025-12-11T19:56:40+08:00"}
{"level":"error","msg":"OCEAN查询报表数据解析错误3 response: {\"code\":40002,\"message\":\"Account 85159274 doesn't exist or the role is wrong\",\"help_message\":\"该类报错是由于传入账户ID不存在，或不符合接口要求传入账户类型导致报错。请参考以下文档排查解决：https://open.oceanengine.com/labels/41/docs/1808720038958096\",\"request_id\":\"202512111956412CADF54C6B04EC7245C2\"}","time":"2025-12-11T19:56:41+08:00"}
{"level":"error","msg":"OCEAN查询报表数据解析错误3 response: {\"code\":40002,\"message\":\"Account 85159275 doesn't exist or the role is wrong\",\"help_message\":\"该类报错是由于传入账户ID不存在，或不符合接口要求传入账户类型导致报错。请参考以下文档排查解决：https://open.oceanengine.com/labels/41/docs/1808720038958096\",\"request_id\":\"20251211195641FD287C1EB5EDE4494EA5\"}","time":"2025-12-11T19:56:41+08:00"}
{"level":"error","msg":"OCEAN查询报表数据解析错误3 response: {\"code\":40002,\"message\":\"Account 91678345 doesn't exist or the role is wrong\",\"help_message\":\"该类报错是由于传入账户ID不存在，或不符合接口要求传入账户类型导致报错。请参考以下文档排查解决：https://open.oceanengine.com/labels/41/docs/1808720038958096\",\"request_id\":\"20251211195641DAE3F7984B986E6866A8\"}","time":"2025-12-11T19:56:41+08:00"}
{"level":"info","msg":"脚本args [/Users/xiaoniu/go/src/simplest_script/simplest_script 387041e9-2758-4b3c-bd2a-28fe4511b93a media_tt_account_hour {}]","time":"2025-12-11T19:56:51+08:00"}
{"level":"error","msg":"OCEAN查询报表数据解析错误3 response: {\"code\":40002,\"message\":\"Account 11 doesn't exist or the role is wrong\",\"help_message\":\"该类报错是由于传入账户ID不存在，或不符合接口要求传入账户类型导致报错。请参考以下文档排查解决：https://open.oceanengine.com/labels/41/docs/1808720038958096\",\"request_id\":\"2025121119565216CF349F161A767BDBA4\"}","time":"2025-12-11T19:56:52+08:00"}
{"level":"error","msg":"OCEAN查询报表数据解析错误3 response: {\"code\":40002,\"message\":\"Account 85159267 doesn't exist or the role is wrong\",\"help_message\":\"该类报错是由于传入账户ID不存在，或不符合接口要求传入账户类型导致报错。请参考以下文档排查解决：https://open.oceanengine.com/labels/41/docs/1808720038958096\",\"request_id\":\"2025121119565316A457CA52A4F28E99BB\"}","time":"2025-12-11T19:56:53+08:00"}
{"level":"error","msg":"OCEAN查询报表数据解析错误3 response: {\"code\":40002,\"message\":\"Account 85159266 doesn't exist or the role is wrong\",\"help_message\":\"该类报错是由于传入账户ID不存在，或不符合接口要求传入账户类型导致报错。请参考以下文档排查解决：https://open.oceanengine.com/labels/41/docs/1808720038958096\",\"request_id\":\"20251211195653BE94056F531BAF6B07AB\"}","time":"2025-12-11T19:56:53+08:00"}
{"level":"error","msg":"OCEAN查询报表数据解析错误3 response: {\"code\":40002,\"message\":\"Account 85159264 doesn't exist or the role is wrong\",\"help_message\":\"该类报错是由于传入账户ID不存在，或不符合接口要求传入账户类型导致报错。请参考以下文档排查解决：https://open.oceanengine.com/labels/41/docs/1808720038958096\",\"request_id\":\"20251211195653020CCB15F01F5755A8FE\"}","time":"2025-12-11T19:56:53+08:00"}
{"level":"error","msg":"OCEAN查询报表数据解析错误3 response: {\"code\":40002,\"message\":\"Account 85159269 doesn't exist or the role is wrong\",\"help_message\":\"该类报错是由于传入账户ID不存在，或不符合接口要求传入账户类型导致报错。请参考以下文档排查解决：https://open.oceanengine.com/labels/41/docs/1808720038958096\",\"request_id\":\"20251211195653A51E29E89102A77F6F8E\"}","time":"2025-12-11T19:56:53+08:00"}
{"level":"error","msg":"OCEAN查询报表数据解析错误3 response: {\"code\":40002,\"message\":\"Account 85159268 doesn't exist or the role is wrong\",\"help_message\":\"该类报错是由于传入账户ID不存在，或不符合接口要求传入账户类型导致报错。请参考以下文档排查解决：https://open.oceanengine.com/labels/41/docs/1808720038958096\",\"request_id\":\"20251211195653E78945EE28E3E5B4569E\"}","time":"2025-12-11T19:56:53+08:00"}
{"level":"error","msg":"OCEAN查询报表数据解析错误3 response: {\"code\":40002,\"message\":\"Account 85159271 doesn't exist or the role is wrong\",\"help_message\":\"该类报错是由于传入账户ID不存在，或不符合接口要求传入账户类型导致报错。请参考以下文档排查解决：https://open.oceanengine.com/labels/41/docs/1808720038958096\",\"request_id\":\"202512111956546790BBBCA436067C27F6\"}","time":"2025-12-11T19:56:54+08:00"}
{"level":"error","msg":"OCEAN查询报表数据解析错误3 response: {\"code\":40002,\"message\":\"Account 85159270 doesn't exist or the role is wrong\",\"help_message\":\"该类报错是由于传入账户ID不存在，或不符合接口要求传入账户类型导致报错。请参考以下文档排查解决：https://open.oceanengine.com/labels/41/docs/1808720038958096\",\"request_id\":\"2025121119565459AA23890122E73A02FE\"}","time":"2025-12-11T19:56:54+08:00"}
{"level":"error","msg":"OCEAN查询报表数据解析错误3 response: {\"code\":40002,\"message\":\"Account 85159272 doesn't exist or the role is wrong\",\"help_message\":\"该类报错是由于传入账户ID不存在，或不符合接口要求传入账户类型导致报错。请参考以下文档排查解决：https://open.oceanengine.com/labels/41/docs/1808720038958096\",\"request_id\":\"20251211195654FD4211F99E8488BB29B4\"}","time":"2025-12-11T19:56:54+08:00"}
{"level":"error","msg":"OCEAN查询报表数据解析错误3 response: {\"code\":40002,\"message\":\"Account 85159273 doesn't exist or the role is wrong\",\"help_message\":\"该类报错是由于传入账户ID不存在，或不符合接口要求传入账户类型导致报错。请参考以下文档排查解决：https://open.oceanengine.com/labels/41/docs/1808720038958096\",\"request_id\":\"20251211195654A3893019B41F1B7DFA03\"}","time":"2025-12-11T19:56:54+08:00"}
{"level":"error","msg":"OCEAN查询报表数据解析错误3 response: {\"code\":40002,\"message\":\"Account 85159274 doesn't exist or the role is wrong\",\"help_message\":\"该类报错是由于传入账户ID不存在，或不符合接口要求传入账户类型导致报错。请参考以下文档排查解决：https://open.oceanengine.com/labels/41/docs/1808720038958096\",\"request_id\":\"2025121119565407724EF5EF146374DD70\"}","time":"2025-12-11T19:56:54+08:00"}
{"level":"error","msg":"OCEAN查询报表数据解析错误3 response: {\"code\":40002,\"message\":\"Account 85159275 doesn't exist or the role is wrong\",\"help_message\":\"该类报错是由于传入账户ID不存在，或不符合接口要求传入账户类型导致报错。请参考以下文档排查解决：https://open.oceanengine.com/labels/41/docs/1808720038958096\",\"request_id\":\"202512111956556877C40FA11332517344\"}","time":"2025-12-11T19:56:55+08:00"}
{"level":"error","msg":"OCEAN查询报表数据解析错误3 response: {\"code\":40002,\"message\":\"Account 91678345 doesn't exist or the role is wrong\",\"help_message\":\"该类报错是由于传入账户ID不存在，或不符合接口要求传入账户类型导致报错。请参考以下文档排查解决：https://open.oceanengine.com/labels/41/docs/1808720038958096\",\"request_id\":\"20251211195655E3B979283B636B4E61BB\"}","time":"2025-12-11T19:56:55+08:00"}
{"level":"error","msg":"OCEAN查询报表数据解析错误3 response: {\"code\":40002,\"message\":\"Account 91678336 doesn't exist or the role is wrong\",\"help_message\":\"该类报错是由于传入账户ID不存在，或不符合接口要求传入账户类型导致报错。请参考以下文档排查解决：https://open.oceanengine.com/labels/41/docs/1808720038958096\",\"request_id\":\"20251211195655933E24260DB2DF66AE30\"}","time":"2025-12-11T19:56:55+08:00"}
{"level":"error","msg":"OCEAN查询报表数据解析错误3 response: {\"code\":40002,\"message\":\"Account 91678349 doesn't exist or the role is wrong\",\"help_message\":\"该类报错是由于传入账户ID不存在，或不符合接口要求传入账户类型导致报错。请参考以下文档排查解决：https://open.oceanengine.com/labels/41/docs/1808720038958096\",\"request_id\":\"202512111956559A69E25652A9D074D952\"}","time":"2025-12-11T19:56:55+08:00"}
{"level":"error","msg":"OCEAN查询报表数据解析错误3 response: {\"code\":40002,\"message\":\"Account 91678347 doesn't exist or the role is wrong\",\"help_message\":\"该类报错是由于传入账户ID不存在，或不符合接口要求传入账户类型导致报错。请参考以下文档排查解决：https://open.oceanengine.com/labels/41/docs/1808720038958096\",\"request_id\":\"20251211195656032378A7E5C7EB9265AE\"}","time":"2025-12-11T19:56:56+08:00"}
{"level":"error","msg":"OCEAN查询报表数据解析错误3 response: {\"code\":40002,\"message\":\"Account 91678354 doesn't exist or the role is wrong\",\"help_message\":\"该类报错是由于传入账户ID不存在，或不符合接口要求传入账户类型导致报错。请参考以下文档排查解决：https://open.oceanengine.com/labels/41/docs/1808720038958096\",\"request_id\":\"2025121119565669D59F2FD23E007264C0\"}","time":"2025-12-11T19:56:56+08:00"}
{"level":"error","msg":"OCEAN查询报表数据解析错误3 response: {\"code\":40002,\"message\":\"Account 91678353 doesn't exist or the role is wrong\",\"help_message\":\"该类报错是由于传入账户ID不存在，或不符合接口要求传入账户类型导致报错。请参考以下文档排查解决：https://open.oceanengine.com/labels/41/docs/1808720038958096\",\"request_id\":\"202512111956560CD10F1222E3F46445E0\"}","time":"2025-12-11T19:56:56+08:00"}
{"level":"error","msg":"OCEAN查询报表数据解析错误3 response: {\"code\":40002,\"message\":\"Account 91678346 doesn't exist or the role is wrong\",\"help_message\":\"该类报错是由于传入账户ID不存在，或不符合接口要求传入账户类型导致报错。请参考以下文档排查解决：https://open.oceanengine.com/labels/41/docs/1808720038958096\",\"request_id\":\"20251211195657A435CCE2A13F6C52B456\"}","time":"2025-12-11T19:56:57+08:00"}
{"level":"error","msg":"OCEAN查询报表数据解析错误3 response: {\"code\":40002,\"message\":\"Account 91678343 doesn't exist or the role is wrong\",\"help_message\":\"该类报错是由于传入账户ID不存在，或不符合接口要求传入账户类型导致报错。请参考以下文档排查解决：https://open.oceanengine.com/labels/41/docs/1808720038958096\",\"request_id\":\"20251211195657D38042F8BAC3148084A4\"}","time":"2025-12-11T19:56:57+08:00"}
{"level":"error","msg":"OCEAN查询报表数据解析错误3 response: {\"code\":40002,\"message\":\"Account 91678339 doesn't exist or the role is wrong\",\"help_message\":\"该类报错是由于传入账户ID不存在，或不符合接口要求传入账户类型导致报错。请参考以下文档排查解决：https://open.oceanengine.com/labels/41/docs/1808720038958096\",\"request_id\":\"20251211195657131F6A7B499C7A721560\"}","time":"2025-12-11T19:56:57+08:00"}
{"level":"error","msg":"OCEAN查询报表数据解析错误3 response: {\"code\":40002,\"message\":\"Account 91678341 doesn't exist or the role is wrong\",\"help_message\":\"该类报错是由于传入账户ID不存在，或不符合接口要求传入账户类型导致报错。请参考以下文档排查解决：https://open.oceanengine.com/labels/41/docs/1808720038958096\",\"request_id\":\"20251211195658D0390DDA4D78D05E5F3E\"}","time":"2025-12-11T19:56:58+08:00"}
{"level":"error","msg":"OCEAN查询报表数据解析错误3 response: {\"code\":40002,\"message\":\"Account 91678342 doesn't exist or the role is wrong\",\"help_message\":\"该类报错是由于传入账户ID不存在，或不符合接口要求传入账户类型导致报错。请参考以下文档排查解决：https://open.oceanengine.com/labels/41/docs/1808720038958096\",\"request_id\":\"202512111956587B40C6EE7C38FD7D6F6D\"}","time":"2025-12-11T19:56:58+08:00"}
{"level":"error","msg":"OCEAN查询报表数据解析错误3 response: {\"code\":40002,\"message\":\"Account 91678338 doesn't exist or the role is wrong\",\"help_message\":\"该类报错是由于传入账户ID不存在，或不符合接口要求传入账户类型导致报错。请参考以下文档排查解决：https://open.oceanengine.com/labels/41/docs/1808720038958096\",\"request_id\":\"20251211195658867D05AABF602158054A\"}","time":"2025-12-11T19:56:58+08:00"}
{"level":"error","msg":"OCEAN查询报表数据解析错误3 response: {\"code\":40002,\"message\":\"Account 91678351 doesn't exist or the role is wrong\",\"help_message\":\"该类报错是由于传入账户ID不存在，或不符合接口要求传入账户类型导致报错。请参考以下文档排查解决：https://open.oceanengine.com/labels/41/docs/1808720038958096\",\"request_id\":\"20251211195658E9A0314D70D9BB533A84\"}","time":"2025-12-11T19:56:58+08:00"}
{"level":"error","msg":"OCEAN查询报表数据解析错误3 response: {\"code\":40002,\"message\":\"Account 91678352 doesn't exist or the role is wrong\",\"help_message\":\"该类报错是由于传入账户ID不存在，或不符合接口要求传入账户类型导致报错。请参考以下文档排查解决：https://open.oceanengine.com/labels/41/docs/1808720038958096\",\"request_id\":\"202512111956595C50795FF4640162D0B9\"}","time":"2025-12-11T19:56:59+08:00"}
{"level":"error","msg":"OCEAN查询报表数据解析错误3 response: {\"code\":40002,\"message\":\"Account 91678348 doesn't exist or the role is wrong\",\"help_message\":\"该类报错是由于传入账户ID不存在，或不符合接口要求传入账户类型导致报错。请参考以下文档排查解决：https://open.oceanengine.com/labels/41/docs/1808720038958096\",\"request_id\":\"20251211195659A5CD83F29984BB76C54E\"}","time":"2025-12-11T19:56:59+08:00"}
{"level":"error","msg":"OCEAN查询报表数据解析错误3 response: {\"code\":40002,\"message\":\"Account 91678355 doesn't exist or the role is wrong\",\"help_message\":\"该类报错是由于传入账户ID不存在，或不符合接口要求传入账户类型导致报错。请参考以下文档排查解决：https://open.oceanengine.com/labels/41/docs/1808720038958096\",\"request_id\":\"20251211195659FC9F023BC309147E7BDD\"}","time":"2025-12-11T19:56:59+08:00"}
{"level":"error","msg":"OCEAN查询报表数据解析错误3 response: {\"code\":40002,\"message\":\"Account 91678350 doesn't exist or the role is wrong\",\"help_message\":\"该类报错是由于传入账户ID不存在，或不符合接口要求传入账户类型导致报错。请参考以下文档排查解决：https://open.oceanengine.com/labels/41/docs/1808720038958096\",\"request_id\":\"2025121119565970659C8F630C0CD696C0\"}","time":"2025-12-11T19:57:00+08:00"}
{"level":"info","msg":"脚本args [/Users/xiaoniu/go/src/simplest_script/simplest_script 387041e9-2758-4b3c-bd2a-28fe4511b93a media_tt_account_hour {}]","time":"2025-12-11T19:59:42+08:00"}
{"level":"info","msg":"脚本args [/Users/xiaoniu/go/src/simplest_script/simplest_script 387041e9-2758-4b3c-bd2a-28fe4511b93a media_tt_account_hour {}]","time":"2025-12-11T20:01:25+08:00"}
{"level":"info","msg":"脚本args [/Users/xiaoniu/go/src/simplest_script/simplest_script 387041e9-2758-4b3c-bd2a-28fe4511b93a media_gdt_account_hour {}]","time":"2025-12-11T20:05:40+08:00"}
{"level":"error","msg":"GDT查询报表数据错误3 response: {\"code\":12100,\"message\":\"The nonce has been used before.\",\"message_cn\":\"nonce 已被使用，请更换 nonce\",\"code_type\":\"BusinessException\",\"trace_id\":\"dd397670523b1c6e287e53b1e2e4cebf\"}","time":"2025-12-11T20:05:41+08:00"}
{"level":"error","msg":"GDT查询报表数据错误3 response: {\"code\":12100,\"message\":\"The nonce has been used before.\",\"message_cn\":\"nonce 已被使用，请更换 nonce\",\"code_type\":\"BusinessException\",\"trace_id\":\"452919845c20e97c9429fafa4d198249\"}","time":"2025-12-11T20:05:41+08:00"}
{"level":"error","msg":"GDT查询报表数据错误3 response: {\"code\":12100,\"message\":\"The nonce has been used before.\",\"message_cn\":\"nonce 已被使用，请更换 nonce\",\"code_type\":\"BusinessException\",\"trace_id\":\"319955f0776be53924e37f8ad5fd5299\"}","time":"2025-12-11T20:05:41+08:00"}
{"level":"error","msg":"GDT查询报表数据错误3 response: {\"code\":12100,\"message\":\"The nonce has been used before.\",\"message_cn\":\"nonce 已被使用，请更换 nonce\",\"code_type\":\"BusinessException\",\"trace_id\":\"cb7e8411859c70a989b582669a19c3e4\"}","time":"2025-12-11T20:05:41+08:00"}
{"level":"error","msg":"GDT查询报表数据错误3 response: {\"code\":12100,\"message\":\"The nonce has been used before.\",\"message_cn\":\"nonce 已被使用，请更换 nonce\",\"code_type\":\"BusinessException\",\"trace_id\":\"66cb9064f9a902f4d12e636410d09957\"}","time":"2025-12-11T20:05:41+08:00"}
{"level":"error","msg":"GDT查询报表数据错误3 response: {\"code\":12100,\"message\":\"The nonce has been used before.\",\"message_cn\":\"nonce 已被使用，请更换 nonce\",\"code_type\":\"BusinessException\",\"trace_id\":\"a64dab4cb5d74c4dd30e140e6c5efc7b\"}","time":"2025-12-11T20:05:41+08:00"}
{"level":"error","msg":"GDT查询报表数据错误3 response: {\"code\":12100,\"message\":\"The nonce has been used before.\",\"message_cn\":\"nonce 已被使用，请更换 nonce\",\"code_type\":\"BusinessException\",\"trace_id\":\"300b872c2712bfc3c4839e6678f0dd02\"}","time":"2025-12-11T20:05:42+08:00"}
{"level":"error","msg":"GDT查询报表数据错误3 response: {\"code\":12100,\"message\":\"The nonce has been used before.\",\"message_cn\":\"nonce 已被使用，请更换 nonce\",\"code_type\":\"BusinessException\",\"trace_id\":\"d79a0b834f59e8f412fa55859ed84f5f\"}","time":"2025-12-11T20:05:42+08:00"}
{"level":"error","msg":"GDT查询报表数据错误3 response: {\"code\":12100,\"message\":\"The nonce has been used before.\",\"message_cn\":\"nonce 已被使用，请更换 nonce\",\"code_type\":\"BusinessException\",\"trace_id\":\"9a130c765d4c0cbdf62e82ab9f442702\"}","time":"2025-12-11T20:05:42+08:00"}
{"level":"error","msg":"GDT查询报表数据错误3 response: {\"code\":12100,\"message\":\"The nonce has been used before.\",\"message_cn\":\"nonce 已被使用，请更换 nonce\",\"code_type\":\"BusinessException\",\"trace_id\":\"3a2f15881f16b1fa01534951df256aa9\"}","time":"2025-12-11T20:05:42+08:00"}
{"level":"error","msg":"GDT查询报表数据错误3 response: {\"code\":12100,\"message\":\"The nonce has been used before.\",\"message_cn\":\"nonce 已被使用，请更换 nonce\",\"code_type\":\"BusinessException\",\"trace_id\":\"271625548cec51ca82adbb4eecbcd667\"}","time":"2025-12-11T20:05:42+08:00"}
{"level":"info","msg":"脚本args [/Users/xiaoniu/go/src/simplest_script/simplest_script 387041e9-2758-4b3c-bd2a-28fe4511b93a media_gdt_account_hour {}]","time":"2025-12-11T20:07:52+08:00"}
{"level":"error","msg":"GDT查询报表数据错误3 response: {\"code\":12100,\"message\":\"The nonce has been used before.\",\"message_cn\":\"nonce 已被使用，请更换 nonce\",\"code_type\":\"BusinessException\",\"trace_id\":\"21b9cd005d5bd2f2feae7b35d65613a6\"}","time":"2025-12-11T20:07:53+08:00"}
{"level":"error","msg":"GDT查询报表数据错误3 response: {\"code\":12100,\"message\":\"The nonce has been used before.\",\"message_cn\":\"nonce 已被使用，请更换 nonce\",\"code_type\":\"BusinessException\",\"trace_id\":\"12890ffd9c87b222072ea55570177b94\"}","time":"2025-12-11T20:07:53+08:00"}
{"level":"error","msg":"GDT查询报表数据错误3 response: {\"code\":12100,\"message\":\"The nonce has been used before.\",\"message_cn\":\"nonce 已被使用，请更换 nonce\",\"code_type\":\"BusinessException\",\"trace_id\":\"ea96969e7e384071557195213f53eed2\"}","time":"2025-12-11T20:07:53+08:00"}
{"level":"error","msg":"GDT查询报表数据错误3 response: {\"code\":12100,\"message\":\"The nonce has been used before.\",\"message_cn\":\"nonce 已被使用，请更换 nonce\",\"code_type\":\"BusinessException\",\"trace_id\":\"865f0863daca04c7557ee69060727c3a\"}","time":"2025-12-11T20:07:54+08:00"}
{"level":"error","msg":"GDT查询报表数据错误3 response: {\"code\":12100,\"message\":\"The nonce has been used before.\",\"message_cn\":\"nonce 已被使用，请更换 nonce\",\"code_type\":\"BusinessException\",\"trace_id\":\"c83f649cf62f783d9ce6f0ab78adaba5\"}","time":"2025-12-11T20:07:54+08:00"}
{"level":"error","msg":"GDT查询报表数据错误3 response: {\"code\":12100,\"message\":\"The nonce has been used before.\",\"message_cn\":\"nonce 已被使用，请更换 nonce\",\"code_type\":\"BusinessException\",\"trace_id\":\"3d2da9dba1a0a3edaec5e872a18db9b3\"}","time":"2025-12-11T20:07:54+08:00"}
{"level":"error","msg":"GDT查询报表数据错误3 response: {\"code\":12100,\"message\":\"The nonce has been used before.\",\"message_cn\":\"nonce 已被使用，请更换 nonce\",\"code_type\":\"BusinessException\",\"trace_id\":\"ece5eb82555550cc015c1e52e3356eeb\"}","time":"2025-12-11T20:07:54+08:00"}
{"level":"error","msg":"GDT查询报表数据错误3 response: {\"code\":12100,\"message\":\"The nonce has been used before.\",\"message_cn\":\"nonce 已被使用，请更换 nonce\",\"code_type\":\"BusinessException\",\"trace_id\":\"c1119c191bf83615c048e1e4d2d25f36\"}","time":"2025-12-11T20:07:54+08:00"}
{"level":"error","msg":"GDT查询报表数据错误3 response: {\"code\":12100,\"message\":\"The nonce has been used before.\",\"message_cn\":\"nonce 已被使用，请更换 nonce\",\"code_type\":\"BusinessException\",\"trace_id\":\"91efccebc09f400e28806fd2152195ac\"}","time":"2025-12-11T20:07:54+08:00"}
{"level":"error","msg":"GDT查询报表数据错误3 response: {\"code\":12100,\"message\":\"The nonce has been used before.\",\"message_cn\":\"nonce 已被使用，请更换 nonce\",\"code_type\":\"BusinessException\",\"trace_id\":\"06365dfaea1f3554e98209914c2a63f5\"}","time":"2025-12-11T20:07:54+08:00"}
{"level":"error","msg":"GDT查询报表数据错误3 response: {\"code\":12100,\"message\":\"The nonce has been used before.\",\"message_cn\":\"nonce 已被使用，请更换 nonce\",\"code_type\":\"BusinessException\",\"trace_id\":\"79e913dfb9cd2e65b24afada28ad62ec\"}","time":"2025-12-11T20:07:54+08:00"}
{"level":"info","msg":"脚本args [/Users/xiaoniu/go/src/simplest_script/simplest_script 387041e9-2758-4b3c-bd2a-28fe4511b93a media_gdt_account_hour {}]","time":"2025-12-11T20:09:53+08:00"}
{"level":"info","msg":"脚本args [/Users/xiaoniu/go/src/simplest_script/simplest_script 387041e9-2758-4b3c-bd2a-28fe4511b93a media_gdt_account_hour {}]","time":"2025-12-11T20:13:52+08:00"}
{"level":"info","msg":"脚本args [/Users/xiaoniu/go/src/simplest_script/simplest_script 387041e9-2758-4b3c-bd2a-28fe4511b93a media_gdt_account_hour {}]","time":"2025-12-11T20:31:27+08:00"}
{"level":"info","msg":"脚本args [/Users/xiaoniu/go/src/simplest_script/simplest_script 387041e9-2758-4b3c-bd2a-28fe4511b93a media_gdt_account_hour {}]","time":"2025-12-11T20:32:59+08:00"}
{"level":"info","msg":"脚本args [/Users/xiaoniu/go/src/simplest_script/simplest_script 387041e9-2758-4b3c-bd2a-28fe4511b93a media_gdt_account_hour {}]","time":"2025-12-11T20:33:10+08:00"}
{"level":"info","msg":"脚本args [/Users/xiaoniu/go/src/simplest_script/simplest_script 387041e9-2758-4b3c-bd2a-28fe4511b93a media_gdt_account_hour {}]","time":"2025-12-11T20:33:59+08:00"}
{"level":"info","msg":"脚本args [/Users/xiaoniu/go/src/simplest_script/simplest_script 387041e9-2758-4b3c-bd2a-28fe4511b93a media_tt_account_hour {}]","time":"2025-12-11T20:34:26+08:00"}
{"level":"info","msg":"脚本args [/Users/xiaoniu/go/src/simplest_script/simplest_script 387041e9-2758-4b3c-bd2a-28fe4511b93a media_tt_account_hour {}]","time":"2025-12-11T20:36:09+08:00"}
{"level":"info","msg":"脚本args [/Users/xiaoniu/go/src/simplest_script/simplest_script 387041e9-2758-4b3c-bd2a-28fe4511b93a media_kuaishou_account_hour {}]","time":"2025-12-11T20:37:30+08:00"}
{"level":"error","msg":"KS查询报表数据请求错误3 response: {\"code\":401000,\"data\":{},\"message\":\"该账户不在您的代理商下，您没有权限操作该账户\",\"request_id\":\"ELSAgIDwuYC4ChjBBSCTzarrsDMooMarsAE=\"}","time":"2025-12-11T20:37:31+08:00"}
